# JRE version: OpenJDK Runtime Environment Temurin-17.0.4.1+1 (17.0.4.1+1) (build 17.0.4.1+1)
# Java VM: OpenJDK 64-Bit Server VM Temurin-17.0.4.1+1 (17.0.4.1+1, mixed mode, tiered, compressed oops, compressed class ptrs, g1 gc, windows-amd64)
GC Precious Log:
 CPUs: 12 total, 12 available
 Memory: 16309M
 Large Page Support: Disabled
 NUMA Support: Disabled
 Compressed Oops: Enabled (Zero based)
 Heap Region Size: 2M
 Heap Min Capacity: 8M
 Heap Initial Capacity: 256M
 Heap Max Capacity: 4078M
 Pre-touch: Disabled
 Parallel Workers: 10
 Concurrent Workers: 3
 Concurrent Refinement Workers: 10
 Periodic GC: Disabled
Heap:
 garbage-first heap   total 55296K, used 17275K [0x0000000701200000, 0x0000000800000000)
  region size 2048K, 2 young (4096K), 1 survivors (2048K)
 Metaspace       used 45577K, committed 46016K, reserved 1097728K
  class space    used 5319K, committed 5504K, reserved 1048576K
GC Heap History (20 events):
Event: 233.690 GC heap before
{Heap before GC invocations=17 (full 1):
 garbage-first heap   total 34816K, used 24666K [0x0000000701200000, 0x0000000800000000)
  region size 2048K, 5 young (10240K), 0 survivors (0K)
 Metaspace       used 44218K, committed 44544K, reserved 1089536K
  class space    used 5270K, committed 5440K, reserved 1048576K
}
Event: 233.692 GC heap after
{Heap after GC invocations=18 (full 1):
 garbage-first heap   total 34816K, used 15823K [0x0000000701200000, 0x0000000800000000)
  region size 2048K, 1 young (2048K), 1 survivors (2048K)
 Metaspace       used 44218K, committed 44544K, reserved 1089536K
  class space    used 5270K, committed 5440K, reserved 1048576K
}
Event: 233.812 GC heap before
{Heap before GC invocations=19 (full 1):
 garbage-first heap   total 34816K, used 24015K [0x0000000701200000, 0x0000000800000000)
  region size 2048K, 5 young (10240K), 1 survivors (2048K)
 Metaspace       used 44300K, committed 44672K, reserved 1089536K
  class space    used 5274K, committed 5440K, reserved 1048576K
}
Event: 233.814 GC heap after
{Heap after GC invocations=20 (full 1):
 garbage-first heap   total 34816K, used 16127K [0x0000000701200000, 0x0000000800000000)
  region size 2048K, 1 young (2048K), 1 survivors (2048K)
 Metaspace       used 44300K, committed 44672K, reserved 1089536K
  class space    used 5274K, committed 5440K, reserved 1048576K
}
Event: 233.849 GC heap before
{Heap before GC invocations=20 (full 1):
 garbage-first heap   total 34816K, used 18175K [0x0000000701200000, 0x0000000800000000)
  region size 2048K, 2 young (4096K), 1 survivors (2048K)
 Metaspace       used 44339K, committed 44672K, reserved 1089536K
  class space    used 5274K, committed 5440K, reserved 1048576K
}
Event: 233.852 GC heap after
{Heap after GC invocations=21 (full 1):
 garbage-first heap   total 149504K, used 16165K [0x0000000701200000, 0x0000000800000000)
  region size 2048K, 1 young (2048K), 1 survivors (2048K)
 Metaspace       used 44339K, committed 44672K, reserved 1089536K
  class space    used 5274K, committed 5440K, reserved 1048576K
}
Event: 470.485 GC heap before
{Heap before GC invocations=21 (full 1):
 garbage-first heap   total 149504K, used 32549K [0x0000000701200000, 0x0000000800000000)
  region size 2048K, 10 young (20480K), 1 survivors (2048K)
 Metaspace       used 44600K, committed 44992K, reserved 1089536K
  class space    used 5281K, committed 5440K, reserved 1048576K
}
Event: 470.507 GC heap after
{Heap after GC invocations=22 (full 2):
 garbage-first heap   total 61440K, used 14792K [0x0000000701200000, 0x0000000800000000)
  region size 2048K, 0 young (0K), 0 survivors (0K)
 Metaspace       used 44598K, committed 44992K, reserved 1089536K
  class space    used 5280K, committed 5440K, reserved 1048576K
}
Event: 471.562 GC heap before
{Heap before GC invocations=22 (full 2):
 garbage-first heap   total 61440K, used 43464K [0x0000000701200000, 0x0000000800000000)
  region size 2048K, 14 young (28672K), 0 survivors (0K)
 Metaspace       used 45008K, committed 45440K, reserved 1089536K
  class space    used 5292K, committed 5504K, reserved 1048576K
}
Event: 471.564 GC heap after
{Heap after GC invocations=23 (full 2):
 garbage-first heap   total 61440K, used 16806K [0x0000000701200000, 0x0000000800000000)
  region size 2048K, 1 young (2048K), 1 survivors (2048K)
 Metaspace       used 45008K, committed 45440K, reserved 1089536K
  class space    used 5292K, committed 5504K, reserved 1048576K
}
Event: 528.355 GC heap before
{Heap before GC invocations=23 (full 2):
 garbage-first heap   total 61440K, used 18854K [0x0000000701200000, 0x0000000800000000)
  region size 2048K, 3 young (6144K), 1 survivors (2048K)
 Metaspace       used 45045K, committed 45440K, reserved 1089536K
  class space    used 5296K, committed 5504K, reserved 1048576K
}
Event: 528.402 GC heap after
{Heap after GC invocations=24 (full 3):
 garbage-first heap   total 55296K, used 14871K [0x0000000701200000, 0x0000000800000000)
  region size 2048K, 0 young (0K), 0 survivors (0K)
 Metaspace       used 45043K, committed 45440K, reserved 1089536K
  class space    used 5295K, committed 5504K, reserved 1048576K
}
Event: 528.793 GC heap before
{Heap before GC invocations=24 (full 3):
 garbage-first heap   total 55296K, used 39447K [0x0000000701200000, 0x0000000800000000)
  region size 2048K, 12 young (24576K), 0 survivors (0K)
 Metaspace       used 45318K, committed 45760K, reserved 1097728K
  class space    used 5312K, committed 5504K, reserved 1048576K
}
Event: 528.795 GC heap after
{Heap after GC invocations=25 (full 3):
 garbage-first heap   total 55296K, used 17184K [0x0000000701200000, 0x0000000800000000)
  region size 2048K, 2 young (4096K), 2 survivors (4096K)
 Metaspace       used 45318K, committed 45760K, reserved 1097728K
  class space    used 5312K, committed 5504K, reserved 1048576K
}
Event: 549.567 GC heap before
{Heap before GC invocations=25 (full 3):
 garbage-first heap   total 55296K, used 21280K [0x0000000701200000, 0x0000000800000000)
  region size 2048K, 5 young (10240K), 2 survivors (4096K)
 Metaspace       used 45366K, committed 45760K, reserved 1097728K
  class space    used 5314K, committed 5504K, reserved 1048576K
}
Event: 549.596 GC heap after
{Heap after GC invocations=26 (full 4):
 garbage-first heap   total 55296K, used 15030K [0x0000000701200000, 0x0000000800000000)
  region size 2048K, 0 young (0K), 0 survivors (0K)
 Metaspace       used 45363K, committed 45760K, reserved 1097728K
  class space    used 5313K, committed 5504K, reserved 1048576K
}
Event: 549.873 GC heap before
{Heap before GC invocations=26 (full 4):
 garbage-first heap   total 55296K, used 39606K [0x0000000701200000, 0x0000000800000000)
  region size 2048K, 12 young (24576K), 0 survivors (0K)
 Metaspace       used 45552K, committed 45952K, reserved 1097728K
  class space    used 5319K, committed 5504K, reserved 1048576K
}
Event: 549.875 GC heap after
{Heap after GC invocations=27 (full 4):
 garbage-first heap   total 55296K, used 17318K [0x0000000701200000, 0x0000000800000000)
  region size 2048K, 2 young (4096K), 2 survivors (4096K)
 Metaspace       used 45552K, committed 45952K, reserved 1097728K
  class space    used 5319K, committed 5504K, reserved 1048576K
}
Event: 1726.391 GC heap before
{Heap before GC invocations=27 (full 4):
 garbage-first heap   total 55296K, used 39846K [0x0000000701200000, 0x0000000800000000)
  region size 2048K, 13 young (26624K), 2 survivors (4096K)
 Metaspace       used 45576K, committed 46016K, reserved 1097728K
  class space    used 5319K, committed 5504K, reserved 1048576K
}
Event: 1726.392 GC heap after
{Heap after GC invocations=28 (full 4):
 garbage-first heap   total 55296K, used 17275K [0x0000000701200000, 0x0000000800000000)
  region size 2048K, 1 young (2048K), 1 survivors (2048K)
 Metaspace       used 45576K, committed 46016K, reserved 1097728K
  class space    used 5319K, committed 5504K, reserved 1048576K
}

